Autotrace Enabled
Shows the execution plan as well as statistics of the statement.
================================
= 3. Počet týmů v jednotlivých kategoriích podle ratingu - cost celkem 26 - efektivnější dotaz
================================

RATING_RAN TEAM_TOTAL_COUNT RATING_AVERAGE
---------- ---------------- --------------
0 - 0.5                 520 ,25
0.5+ - 1.0              451 ,75
1.0+ - 5.0              847           1,97
over 5                  182          22,79

Explain Plan
-----------------------------------------------------------

PLAN_TABLE_OUTPUT
-----------------------------------------------------------------------------------------------------------------------------------------------------------------------------------------------------------------------------------------------------------------------------------------------------------------------------------------------------------------------------------------------------------------------------------------------------------------------------------------------------------------------------------------------------------------------------------------------------------------------------------------------------------------------------------------------------------------------------------------------------------------------------------------------------------------------------------------------------------------------------------------------------------------------------------------------------------------------------------------------------------------------------------------------------------------------------------------------------------------------------------------------------------------------------------------------------------------------------------------------------------------------------------------------------------------------------------------------------------------------------------------------------------------------------------------------------------------------------------------------------------
Plan hash value: 3638955423

----------------------------------------------------------------------------
| Id  | Operation           | Name | Rows  | Bytes | Cost (%CPU)| Time     |
----------------------------------------------------------------------------
|   0 | SELECT STATEMENT    |      |     1 |    13 |     7  (29)| 00:00:01 |
|   1 |  SORT ORDER BY      |      |     1 |    13 |     7  (29)| 00:00:01 |
|   2 |   HASH GROUP BY     |      |     1 |    13 |     7  (29)| 00:00:01 |
|   3 |    TABLE ACCESS FULL| Team |     1 |    13 |     5   (0)| 00:00:01 |
----------------------------------------------------------------------------

Statistics
-----------------------------------------------------------
               5  Requests to/from client
              15  consistent gets
              15  consistent gets from cache
              15  consistent gets pin
              15  consistent gets pin (fastpath)
               5  non-idle wait count
               2  opened cursors cumulative
               1  opened cursors current
               1  pinned cursors current
              15  session logical reads
               6  user calls

================================
= 3. Počet týmů v jednotlivých kategoriích podle ratingu - alternativní - cost celkem 80
================================

RATING_RAN TEAM_TOTAL_COUNT RATING_AVERAGE
---------- ---------------- --------------
0 - 0.5                 520 ,25
0.5+ - 1.0              451 ,75
1.0+ - 5.0              847           1,97
over 5                  182          22,79

Explain Plan
-----------------------------------------------------------

PLAN_TABLE_OUTPUT
-----------------------------------------------------------------------------------------------------------------------------------------------------------------------------------------------------------------------------------------------------------------------------------------------------------------------------------------------------------------------------------------------------------------------------------------------------------------------------------------------------------------------------------------------------------------------------------------------------------------------------------------------------------------------------------------------------------------------------------------------------------------------------------------------------------------------------------------------------------------------------------------------------------------------------------------------------------------------------------------------------------------------------------------------------------------------------------------------------------------------------------------------------------------------------------------------------------------------------------------------------------------------------------------------------------------------------------------------------------------------------------------------------------------------------------------------------------------------------------------------------------
Plan hash value: 1367554886

-----------------------------------------------------------------------------
| Id  | Operation            | Name | Rows  | Bytes | Cost (%CPU)| Time     |
-----------------------------------------------------------------------------
|   0 | SELECT STATEMENT     |      |     4 |    52 |    20   (0)| 00:00:01 |
|   1 |  SORT UNIQUE         |      |     4 |    52 |    20   (0)| 00:00:01 |
|   2 |   UNION-ALL          |      |       |       |            |          |
|   3 |    SORT AGGREGATE    |      |     1 |    13 |     5   (0)| 00:00:01 |
|*  4 |     TABLE ACCESS FULL| Team |     1 |    13 |     5   (0)| 00:00:01 |
|   5 |    SORT AGGREGATE    |      |     1 |    13 |     5   (0)| 00:00:01 |
|*  6 |     TABLE ACCESS FULL| Team |     1 |    13 |     5   (0)| 00:00:01 |
|   7 |    SORT AGGREGATE    |      |     1 |    13 |     5   (0)| 00:00:01 |
|*  8 |     TABLE ACCESS FULL| Team |     1 |    13 |     5   (0)| 00:00:01 |
|   9 |    SORT AGGREGATE    |      |     1 |    13 |     5   (0)| 00:00:01 |
|* 10 |     TABLE ACCESS FULL| Team |     1 |    13 |     5   (0)| 00:00:01 |
-----------------------------------------------------------------------------

Predicate Information (identified by operation id):
---------------------------------------------------

   4 - filter("RATING">=0 AND "RATING"<=0.5)
   6 - filter("RATING">0.5 AND "RATING"<=1.0)
   8 - filter("RATING">1.0 AND "RATING"<=5.0)
  10 - filter("RATING">5.0)

Statistics
-----------------------------------------------------------
               6  Requests to/from client
              60  consistent gets
              60  consistent gets from cache
              60  consistent gets pin
              60  consistent gets pin (fastpath)
               5  non-idle wait count
               2  opened cursors cumulative
               1  opened cursors current
               1  pinned cursors current
              60  session logical reads
               6  user calls
================================
= 4. 10 odehraných zápasů, které mají nejvíce uživatelských sázek - cost celkem 177
================================

        ID TEAM1                                              TEAM2                                              NUM_OF_USER_BETS
---------- -------------------------------------------------- -------------------------------------------------- ----------------
      1182 Flashspan                                          Yodoo                                                            10
      1407 Topdrive                                           Aivee                                                             7
       795 Yamia                                              Edgeclub                                                          7
       732 Geba                                               Jayo                                                              7
      1334 Twitterwire                                        Bubbletube                                                        6
      1323 Photojam                                           Jaxspan                                                           6
      1125 Browsebug                                          Topicshots                                                        6
      1018 Brainbox                                           Linktype                                                          6
       879 Youfeed                                            Quimba                                                            6
       870 Oyope                                              Photobean                                                         6

10 rows selected.

Explain Plan
-----------------------------------------------------------

PLAN_TABLE_OUTPUT
-----------------------------------------------------------------------------------------------------------------------------------------------------------------------------------------------------------------------------------------------------------------------------------------------------------------------------------------------------------------------------------------------------------------------------------------------------------------------------------------------------------------------------------------------------------------------------------------------------------------------------------------------------------------------------------------------------------------------------------------------------------------------------------------------------------------------------------------------------------------------------------------------------------------------------------------------------------------------------------------------------------------------------------------------------------------------------------------------------------------------------------------------------------------------------------------------------------------------------------------------------------------------------------------------------------------------------------------------------------------------------------------------------------------------------------------------------------------------------------------------------------
Plan hash value: 4290262503

------------------------------------------------------------------------------------------------
| Id  | Operation                           | Name     | Rows  | Bytes | Cost (%CPU)| Time     |
------------------------------------------------------------------------------------------------
|   0 | SELECT STATEMENT                    |          |    10 |  1190 |    19  (22)| 00:00:01 |
|   1 |  SORT ORDER BY                      |          |    10 |  1190 |    19  (22)| 00:00:01 |
|*  2 |   VIEW                              |          |    10 |  1190 |    18  (17)| 00:00:01 |
|*  3 |    WINDOW SORT PUSHED RANK          |          |     1 |   180 |    18  (17)| 00:00:01 |
|   4 |     HASH GROUP BY                   |          |     1 |   180 |    18  (17)| 00:00:01 |
|   5 |      NESTED LOOPS OUTER             |          |     1 |   180 |    16   (7)| 00:00:01 |
|   6 |       NESTED LOOPS OUTER            |          |     1 |   140 |    16   (7)| 00:00:01 |
|*  7 |        HASH JOIN OUTER              |          |     1 |   100 |    16   (7)| 00:00:01 |
|   8 |         MERGE JOIN OUTER            |          |     1 |    74 |    11  (10)| 00:00:01 |
|*  9 |          TABLE ACCESS BY INDEX ROWID| Match    |     1 |    48 |     1   (0)| 00:00:01 |
|  10 |           INDEX FULL SCAN           | PK_Match |     1 |       |     1   (0)| 00:00:01 |
|* 11 |          SORT JOIN                  |          |     1 |    26 |    10  (10)| 00:00:01 |
|  12 |           TABLE ACCESS FULL         | Bet      |     1 |    26 |     9   (0)| 00:00:01 |
|  13 |         TABLE ACCESS FULL           | UserBet  |     1 |    26 |     5   (0)| 00:00:01 |
|  14 |        TABLE ACCESS BY INDEX ROWID  | Team     |     1 |    40 |     0   (0)| 00:00:01 |
|* 15 |         INDEX UNIQUE SCAN           | PK_Team  |     1 |       |     0   (0)| 00:00:01 |
|  16 |       TABLE ACCESS BY INDEX ROWID   | Team     |     1 |    40 |     0   (0)| 00:00:01 |
|* 17 |        INDEX UNIQUE SCAN            | PK_Team  |     1 |       |     0   (0)| 00:00:01 |
------------------------------------------------------------------------------------------------

Predicate Information (identified by operation id):
---------------------------------------------------

   2 - filter("from$_subquery$_010"."rowlimit_$$_rownumber"<=10)
   3 - filter(ROW_NUMBER() OVER ( ORDER BY COUNT("UB"."ID") DESC
              ,INTERNAL_FUNCTION("M"."ID") DESC )<=10)
   7 - access("B"."ID"="UB"."BET_ID"(+))
   9 - filter("M"."PLAYED_AT"<SYSDATE@!)
  11 - access("M"."ID"="B"."MATCH_ID"(+))
       filter("M"."ID"="B"."MATCH_ID"(+))
  15 - access("M"."TEAM1"="T1"."ID"(+))
  17 - access("M"."TEAM2"="T2"."ID"(+))

Statistics
-----------------------------------------------------------
               2  CPU used by this session
               2  CPU used when call started
               1  DB time
               6  Requests to/from client
            5554  consistent gets
            5363  consistent gets examination
            5363  consistent gets examination (fastpath)
            5554  consistent gets from cache
             191  consistent gets pin
             191  consistent gets pin (fastpath)
               5  non-idle wait count
               2  opened cursors cumulative
               1  opened cursors current
               1  pinned cursors current
            5554  session logical reads
               6  user calls

================================
= 4. 10 odehraných zápasů, které mají nejvíce uživatelských sázek - alternativní - cost celkem 159 - efektivnější
================================

        ID TEAM1                                              TEAM2                                              NUM_OF_USER_BETS
---------- -------------------------------------------------- -------------------------------------------------- ----------------
      1182 Flashspan                                          Yodoo                                                            10
      1407 Topdrive                                           Aivee                                                             7
       795 Yamia                                              Edgeclub                                                          7
       732 Geba                                               Jayo                                                              7
      1334 Twitterwire                                        Bubbletube                                                        6
      1323 Photojam                                           Jaxspan                                                           6
      1125 Browsebug                                          Topicshots                                                        6
      1018 Brainbox                                           Linktype                                                          6
       879 Youfeed                                            Quimba                                                            6
       870 Oyope                                              Photobean                                                         6

10 rows selected.

Explain Plan
-----------------------------------------------------------

PLAN_TABLE_OUTPUT
-----------------------------------------------------------------------------------------------------------------------------------------------------------------------------------------------------------------------------------------------------------------------------------------------------------------------------------------------------------------------------------------------------------------------------------------------------------------------------------------------------------------------------------------------------------------------------------------------------------------------------------------------------------------------------------------------------------------------------------------------------------------------------------------------------------------------------------------------------------------------------------------------------------------------------------------------------------------------------------------------------------------------------------------------------------------------------------------------------------------------------------------------------------------------------------------------------------------------------------------------------------------------------------------------------------------------------------------------------------------------------------------------------------------------------------------------------------------------------------------------------------
Plan hash value: 1311302961

----------------------------------------------------------------------------------------------
| Id  | Operation                         | Name     | Rows  | Bytes | Cost (%CPU)| Time     |
----------------------------------------------------------------------------------------------
|   0 | SELECT STATEMENT                  |          |    10 |  1190 |    21  (20)| 00:00:01 |
|   1 |  TABLE ACCESS BY INDEX ROWID      | Team     |     1 |    40 |     1   (0)| 00:00:01 |
|*  2 |   INDEX UNIQUE SCAN               | PK_Team  |     1 |       |     1   (0)| 00:00:01 |
|   3 |  TABLE ACCESS BY INDEX ROWID      | Team     |     1 |    40 |     1   (0)| 00:00:01 |
|*  4 |   INDEX UNIQUE SCAN               | PK_Team  |     1 |       |     1   (0)| 00:00:01 |
|   5 |  SORT ORDER BY                    |          |    10 |  1190 |    21  (20)| 00:00:01 |
|*  6 |   VIEW                            |          |    10 |  1190 |    20  (15)| 00:00:01 |
|*  7 |    WINDOW SORT PUSHED RANK        |          |     1 |   100 |    20  (15)| 00:00:01 |
|   8 |     HASH GROUP BY                 |          |     1 |   100 |    20  (15)| 00:00:01 |
|*  9 |      HASH JOIN OUTER              |          |     1 |   100 |    16   (7)| 00:00:01 |
|  10 |       MERGE JOIN OUTER            |          |     1 |    74 |    11  (10)| 00:00:01 |
|* 11 |        TABLE ACCESS BY INDEX ROWID| Match    |     1 |    48 |     1   (0)| 00:00:01 |
|  12 |         INDEX FULL SCAN           | PK_Match |     1 |       |     1   (0)| 00:00:01 |
|* 13 |        SORT JOIN                  |          |     1 |    26 |    10  (10)| 00:00:01 |
|  14 |         TABLE ACCESS FULL         | Bet      |     1 |    26 |     9   (0)| 00:00:01 |
|  15 |       TABLE ACCESS FULL           | UserBet  |     1 |    26 |     5   (0)| 00:00:01 |
----------------------------------------------------------------------------------------------

Predicate Information (identified by operation id):
---------------------------------------------------

   2 - access("T"."ID"=:B1)
   4 - access("T"."ID"=:B1)
   6 - filter("from$_subquery$_008"."rowlimit_$$_rownumber"<=10)
   7 - filter(ROW_NUMBER() OVER ( ORDER BY COUNT("UB"."ID") DESC
              ,INTERNAL_FUNCTION("M"."ID") DESC )<=10)
   9 - access("B"."ID"="UB"."BET_ID"(+))
  11 - filter("M"."PLAYED_AT"<SYSDATE@!)
  13 - access("M"."ID"="B"."MATCH_ID"(+))
       filter("M"."ID"="B"."MATCH_ID"(+))

Statistics
-----------------------------------------------------------
               6  Requests to/from client
             130  consistent gets
              43  consistent gets examination
              43  consistent gets examination (fastpath)
             130  consistent gets from cache
              87  consistent gets pin
              87  consistent gets pin (fastpath)
               5  non-idle wait count
               2  opened cursors cumulative
               1  opened cursors current
               1  pinned cursors current
             130  session logical reads
               6  user calls

